This file contains any messages produced by compilers while
running configure, to aid debugging if configure makes a mistake.

It was created by tmux configure 3.2a, which was
generated by GNU Autoconf 2.69.  Invocation command line was

  $ ./configure 

## --------- ##
## Platform. ##
## --------- ##

hostname = dittonedo
uname -m = i686
uname -r = 4.15.0-45-generic
uname -s = Linux
uname -v = #48~16.04.1-Ubuntu SMP Tue Jan 29 18:03:19 UTC 2019

/usr/bin/uname -p = unknown
/bin/uname -X     = unknown

/bin/arch              = unknown
/usr/bin/arch -k       = unknown
/usr/convex/getsysinfo = unknown
/usr/bin/hostinfo      = unknown
/bin/machine           = unknown
/usr/bin/oslevel       = unknown
/bin/universe          = unknown

PATH: /files/young/bin
PATH: /files/young/.local/bin
PATH: /usr/local/sbin
PATH: /usr/local/bin
PATH: /usr/sbin
PATH: /usr/bin
PATH: /sbin
PATH: /bin
PATH: /usr/games
PATH: /usr/local/games
PATH: /snap/bin/
PATH: /files/young/Usr/bin//
PATH: /files/young/Usr/bin/


## ----------- ##
## Core tests. ##
## ----------- ##

configure:2361: checking for a BSD-compatible install
configure:2429: result: /usr/bin/install -c
configure:2440: checking whether build environment is sane
configure:2495: result: yes
configure:2646: checking for a thread-safe mkdir -p
configure:2685: result: /bin/mkdir -p
configure:2692: checking for gawk
configure:2708: found /usr/local/bin/gawk
configure:2719: result: gawk
configure:2730: checking whether make sets $(MAKE)
configure:2756: result: no
configure:2781: checking whether make supports nested variables
configure:2798: result: yes
configure:2929: checking build system type
configure:2943: result: i686-pc-linux-gnu
configure:2963: checking host system type
configure:2976: result: i686-pc-linux-gnu
configure:3077: checking for gcc
configure:3093: found /usr/bin/gcc
configure:3104: result: gcc
configure:3333: checking for C compiler version
configure:3342: gcc --version >&5
gcc (Ubuntu 5.4.0-6ubuntu1~16.04.11) 5.4.0 20160609
Copyright (C) 2015 Free Software Foundation, Inc.
This is free software; see the source for copying conditions.  There is NO
warranty; not even for MERCHANTABILITY or FITNESS FOR A PARTICULAR PURPOSE.

configure:3353: $? = 0
configure:3342: gcc -v >&5
Using built-in specs.
COLLECT_GCC=gcc
COLLECT_LTO_WRAPPER=/usr/lib/gcc/i686-linux-gnu/5/lto-wrapper
Target: i686-linux-gnu
Configured with: ../src/configure -v --with-pkgversion='Ubuntu 5.4.0-6ubuntu1~16.04.11' --with-bugurl=file:///usr/share/doc/gcc-5/README.Bugs --enable-languages=c,ada,c++,java,go,d,fortran,objc,obj-c++ --prefix=/usr --program-suffix=-5 --enable-shared --enable-linker-build-id --libexecdir=/usr/lib --without-included-gettext --enable-threads=posix --libdir=/usr/lib --enable-nls --with-sysroot=/ --enable-clocale=gnu --enable-libstdcxx-debug --enable-libstdcxx-time=yes --with-default-libstdcxx-abi=new --enable-gnu-unique-object --disable-vtable-verify --enable-libmpx --enable-plugin --with-system-zlib --disable-browser-plugin --enable-java-awt=gtk --enable-gtk-cairo --with-java-home=/usr/lib/jvm/java-1.5.0-gcj-5-i386/jre --enable-java-home --with-jvm-root-dir=/usr/lib/jvm/java-1.5.0-gcj-5-i386 --with-jvm-jar-dir=/usr/lib/jvm-exports/java-1.5.0-gcj-5-i386 --with-arch-directory=i386 --with-ecj-jar=/usr/share/java/eclipse-ecj.jar --enable-objc-gc --enable-targets=all --enable-multiarch --disable-werror --with-arch-32=i686 --with-multilib-list=m32,m64,mx32 --enable-multilib --with-tune=generic --enable-checking=release --build=i686-linux-gnu --host=i686-linux-gnu --target=i686-linux-gnu
Thread model: posix
gcc version 5.4.0 20160609 (Ubuntu 5.4.0-6ubuntu1~16.04.11) 
configure:3353: $? = 0
configure:3342: gcc -V >&5
gcc: error: unrecognized command line option '-V'
gcc: fatal error: no input files
compilation terminated.
configure:3353: $? = 1
configure:3342: gcc -qversion >&5
gcc: error: unrecognized command line option '-qversion'
gcc: fatal error: no input files
compilation terminated.
configure:3353: $? = 1
configure:3373: checking whether the C compiler works
configure:3395: gcc    conftest.c  >&5
configure:3399: $? = 0
configure:3447: result: yes
configure:3450: checking for C compiler default output file name
configure:3452: result: a.out
configure:3458: checking for suffix of executables
configure:3465: gcc -o conftest    conftest.c  >&5
configure:3469: $? = 0
configure:3491: result: 
configure:3513: checking whether we are cross compiling
configure:3521: gcc -o conftest    conftest.c  >&5
configure:3525: $? = 0
configure:3532: ./conftest
configure:3536: $? = 0
configure:3551: result: no
configure:3556: checking for suffix of object files
configure:3578: gcc -c   conftest.c >&5
configure:3582: $? = 0
configure:3603: result: o
configure:3607: checking whether we are using the GNU C compiler
configure:3626: gcc -c   conftest.c >&5
configure:3626: $? = 0
configure:3635: result: yes
configure:3644: checking whether gcc accepts -g
configure:3664: gcc -c -g  conftest.c >&5
configure:3664: $? = 0
configure:3705: result: yes
configure:3722: checking for gcc option to accept ISO C89
configure:3785: gcc  -c   conftest.c >&5
configure:3785: $? = 0
configure:3798: result: none needed
configure:3823: checking whether gcc understands -c and -o together
configure:3845: gcc -c conftest.c -o conftest2.o
configure:3848: $? = 0
configure:3845: gcc -c conftest.c -o conftest2.o
configure:3848: $? = 0
configure:3860: result: yes
configure:3880: checking whether make supports the include directive
configure:3895: make -f confmf.GNU && cat confinc.out
this is the am__doit target
configure:3898: $? = 0
configure:3917: result: yes (GNU style)
configure:3942: checking dependency style of gcc
configure:4053: result: gcc3
configure:4069: checking for gcc option to accept ISO C99
configure:4218: gcc  -c   conftest.c >&5
configure:4218: $? = 0
configure:4231: result: none needed
configure:4251: checking how to run the C preprocessor
configure:4282: gcc -E  conftest.c
configure:4282: $? = 0
configure:4296: gcc -E  conftest.c
conftest.c:11:28: fatal error: ac_nonexistent.h: No such file or directory
compilation terminated.
configure:4296: $? = 1
configure: failed program was:
| /* confdefs.h */
| #define PACKAGE_NAME "tmux"
| #define PACKAGE_TARNAME "tmux"
| #define PACKAGE_VERSION "3.2a"
| #define PACKAGE_STRING "tmux 3.2a"
| #define PACKAGE_BUGREPORT ""
| #define PACKAGE_URL ""
| #define PACKAGE "tmux"
| #define VERSION "3.2a"
| /* end confdefs.h.  */
| #include <ac_nonexistent.h>
configure:4321: result: gcc -E
configure:4341: gcc -E  conftest.c
configure:4341: $? = 0
configure:4355: gcc -E  conftest.c
conftest.c:11:28: fatal error: ac_nonexistent.h: No such file or directory
compilation terminated.
configure:4355: $? = 1
configure: failed program was:
| /* confdefs.h */
| #define PACKAGE_NAME "tmux"
| #define PACKAGE_TARNAME "tmux"
| #define PACKAGE_VERSION "3.2a"
| #define PACKAGE_STRING "tmux 3.2a"
| #define PACKAGE_BUGREPORT ""
| #define PACKAGE_URL ""
| #define PACKAGE "tmux"
| #define VERSION "3.2a"
| /* end confdefs.h.  */
| #include <ac_nonexistent.h>
configure:4383: checking for grep that handles long lines and -e
configure:4441: result: /bin/grep
configure:4446: checking for egrep
configure:4508: result: /bin/grep -E
configure:4518: checking for bison
configure:4548: result: no
configure:4518: checking for byacc
configure:4548: result: no
configure:4611: checking for pkg-config
configure:4629: found /usr/bin/pkg-config
configure:4641: result: /usr/bin/pkg-config
configure:4666: checking pkg-config is at least version 0.9.0
configure:4669: result: yes
configure:4679: checking for ANSI C header files
configure:4699: gcc -c   conftest.c >&5
configure:4699: $? = 0
configure:4772: gcc -o conftest    conftest.c  >&5
configure:4772: $? = 0
configure:4772: ./conftest
configure:4772: $? = 0
configure:4783: result: yes
configure:4796: checking for sys/types.h
configure:4796: gcc -c   conftest.c >&5
configure:4796: $? = 0
configure:4796: result: yes
configure:4796: checking for sys/stat.h
configure:4796: gcc -c   conftest.c >&5
configure:4796: $? = 0
configure:4796: result: yes
configure:4796: checking for stdlib.h
configure:4796: gcc -c   conftest.c >&5
configure:4796: $? = 0
configure:4796: result: yes
configure:4796: checking for string.h
configure:4796: gcc -c   conftest.c >&5
configure:4796: $? = 0
configure:4796: result: yes
configure:4796: checking for memory.h
configure:4796: gcc -c   conftest.c >&5

## ---------------- ##
## Cache variables. ##
## ---------------- ##

ac_cv_build=i686-pc-linux-gnu
ac_cv_c_compiler_gnu=yes
ac_cv_env_CC_set=
ac_cv_env_CC_value=
ac_cv_env_CFLAGS_set=
ac_cv_env_CFLAGS_value=
ac_cv_env_CPPFLAGS_set=
ac_cv_env_CPPFLAGS_value=
ac_cv_env_CPP_set=
ac_cv_env_CPP_value=
ac_cv_env_FUZZING_LIBS_set=
ac_cv_env_FUZZING_LIBS_value=
ac_cv_env_LDFLAGS_set=
ac_cv_env_LDFLAGS_value=
ac_cv_env_LIBEVENT_CFLAGS_set=
ac_cv_env_LIBEVENT_CFLAGS_value=
ac_cv_env_LIBEVENT_CORE_CFLAGS_set=
ac_cv_env_LIBEVENT_CORE_CFLAGS_value=
ac_cv_env_LIBEVENT_CORE_LIBS_set=
ac_cv_env_LIBEVENT_CORE_LIBS_value=
ac_cv_env_LIBEVENT_LIBS_set=
ac_cv_env_LIBEVENT_LIBS_value=
ac_cv_env_LIBNCURSESW_CFLAGS_set=
ac_cv_env_LIBNCURSESW_CFLAGS_value=
ac_cv_env_LIBNCURSESW_LIBS_set=
ac_cv_env_LIBNCURSESW_LIBS_value=
ac_cv_env_LIBNCURSES_CFLAGS_set=
ac_cv_env_LIBNCURSES_CFLAGS_value=
ac_cv_env_LIBNCURSES_LIBS_set=
ac_cv_env_LIBNCURSES_LIBS_value=
ac_cv_env_LIBS_set=
ac_cv_env_LIBS_value=
ac_cv_env_LIBTINFO_CFLAGS_set=
ac_cv_env_LIBTINFO_CFLAGS_value=
ac_cv_env_LIBTINFO_LIBS_set=
ac_cv_env_LIBTINFO_LIBS_value=
ac_cv_env_PKG_CONFIG_LIBDIR_set=
ac_cv_env_PKG_CONFIG_LIBDIR_value=
ac_cv_env_PKG_CONFIG_PATH_set=
ac_cv_env_PKG_CONFIG_PATH_value=
ac_cv_env_PKG_CONFIG_set=
ac_cv_env_PKG_CONFIG_value=
ac_cv_env_YACC_set=
ac_cv_env_YACC_value=
ac_cv_env_YFLAGS_set=
ac_cv_env_YFLAGS_value=
ac_cv_env_build_alias_set=
ac_cv_env_build_alias_value=
ac_cv_env_host_alias_set=
ac_cv_env_host_alias_value=
ac_cv_env_target_alias_set=
ac_cv_env_target_alias_value=
ac_cv_header_stdc=yes
ac_cv_header_stdlib_h=yes
ac_cv_header_string_h=yes
ac_cv_header_sys_stat_h=yes
ac_cv_header_sys_types_h=yes
ac_cv_host=i686-pc-linux-gnu
ac_cv_objext=o
ac_cv_path_EGREP='/bin/grep -E'
ac_cv_path_GREP=/bin/grep
ac_cv_path_ac_pt_PKG_CONFIG=/usr/bin/pkg-config
ac_cv_path_install='/usr/bin/install -c'
ac_cv_path_mkdir=/bin/mkdir
ac_cv_prog_AWK=gawk
ac_cv_prog_CPP='gcc -E'
ac_cv_prog_ac_ct_CC=gcc
ac_cv_prog_cc_c89=
ac_cv_prog_cc_c99=
ac_cv_prog_cc_g=yes
ac_cv_prog_make_make_set=no
am_cv_CC_dependencies_compiler_type=gcc3
am_cv_make_support_nested_variables=yes
am_cv_prog_cc_c_o=yes

## ----------------- ##
## Output variables. ##
## ----------------- ##

ACLOCAL='${SHELL} /files/young/tmux-3.2a/etc/missing aclocal-1.16'
AMDEPBACKSLASH='\'
AMDEP_FALSE='#'
AMDEP_TRUE=''
AMTAR='$${TAR-tar}'
AM_BACKSLASH='\'
AM_CFLAGS=''
AM_CPPFLAGS=''
AM_DEFAULT_V='$(AM_DEFAULT_VERBOSITY)'
AM_DEFAULT_VERBOSITY='1'
AM_LDFLAGS=''
AM_V='$(V)'
AUTOCONF='${SHELL} /files/young/tmux-3.2a/etc/missing autoconf'
AUTOHEADER='${SHELL} /files/young/tmux-3.2a/etc/missing autoheader'
AUTOMAKE='${SHELL} /files/young/tmux-3.2a/etc/missing automake-1.16'
AWK='gawk'
CC='gcc'
CCDEPMODE='depmode=gcc3'
CFLAGS=''
CPP='gcc -E'
CPPFLAGS=''
CYGPATH_W='echo'
DEFS=''
DEPDIR='.deps'
ECHO_C=''
ECHO_N='-n'
ECHO_T=''
EGREP='/bin/grep -E'
EXEEXT=''
FUZZING_LIBS=''
GREP='/bin/grep'
HAVE_UTF8PROC_FALSE=''
HAVE_UTF8PROC_TRUE=''
INSTALL_DATA='${INSTALL} -m 644'
INSTALL_PROGRAM='${INSTALL}'
INSTALL_SCRIPT='${INSTALL}'
INSTALL_STRIP_PROGRAM='$(install_sh) -c -s'
IS_AIX_FALSE=''
IS_AIX_TRUE=''
IS_DARWIN_FALSE=''
IS_DARWIN_TRUE=''
IS_DEBUG_FALSE=''
IS_DEBUG_TRUE=''
IS_DRAGONFLY_FALSE=''
IS_DRAGONFLY_TRUE=''
IS_FREEBSD_FALSE=''
IS_FREEBSD_TRUE=''
IS_GCC_FALSE=''
IS_GCC_TRUE=''
IS_HAIKU_FALSE=''
IS_HAIKU_TRUE=''
IS_HPUX_FALSE=''
IS_HPUX_TRUE=''
IS_LINUX_FALSE=''
IS_LINUX_TRUE=''
IS_NETBSD_FALSE=''
IS_NETBSD_TRUE=''
IS_OPENBSD_FALSE=''
IS_OPENBSD_TRUE=''
IS_SUNCC_FALSE=''
IS_SUNCC_TRUE=''
IS_SUNOS_FALSE=''
IS_SUNOS_TRUE=''
IS_UNKNOWN_FALSE=''
IS_UNKNOWN_TRUE=''
LDFLAGS=''
LIBEVENT_CFLAGS=''
LIBEVENT_CORE_CFLAGS=''
LIBEVENT_CORE_LIBS=''
LIBEVENT_LIBS=''
LIBNCURSESW_CFLAGS=''
LIBNCURSESW_LIBS=''
LIBNCURSES_CFLAGS=''
LIBNCURSES_LIBS=''
LIBOBJS=''
LIBS=''
LIBTINFO_CFLAGS=''
LIBTINFO_LIBS=''
LTLIBOBJS=''
MAKEINFO='${SHELL} /files/young/tmux-3.2a/etc/missing makeinfo'
MANFORMAT=''
MKDIR_P='/bin/mkdir -p'
NEED_FORKPTY_FALSE=''
NEED_FORKPTY_TRUE=''
NEED_FUZZING_FALSE=''
NEED_FUZZING_TRUE=''
OBJEXT='o'
PACKAGE='tmux'
PACKAGE_BUGREPORT=''
PACKAGE_NAME='tmux'
PACKAGE_STRING='tmux 3.2a'
PACKAGE_TARNAME='tmux'
PACKAGE_URL=''
PACKAGE_VERSION='3.2a'
PATH_SEPARATOR=':'
PKG_CONFIG='/usr/bin/pkg-config'
PKG_CONFIG_LIBDIR=''
PKG_CONFIG_PATH=''
PLATFORM=''
SET_MAKE='MAKE=make'
SHELL='/bin/bash'
STRIP=''
VERSION='3.2a'
XOPEN_DEFINES=''
YACC='yacc'
YFLAGS=''
ac_ct_CC='gcc'
am__EXEEXT_FALSE=''
am__EXEEXT_TRUE=''
am__fastdepCC_FALSE='#'
am__fastdepCC_TRUE=''
am__include='include'
am__isrc=''
am__leading_dot='.'
am__nodep='_no'
am__quote=''
am__tar='$${TAR-tar} chof - "$$tardir"'
am__untar='$${TAR-tar} xf -'
bindir='${exec_prefix}/bin'
build='i686-pc-linux-gnu'
build_alias=''
build_cpu='i686'
build_os='linux-gnu'
build_vendor='pc'
datadir='${datarootdir}'
datarootdir='${prefix}/share'
docdir='${datarootdir}/doc/${PACKAGE_TARNAME}'
dvidir='${docdir}'
exec_prefix='NONE'
host='i686-pc-linux-gnu'
host_alias=''
host_cpu='i686'
host_os='linux-gnu'
host_vendor='pc'
htmldir='${docdir}'
includedir='${prefix}/include'
infodir='${datarootdir}/info'
install_sh='${SHELL} /files/young/tmux-3.2a/etc/install-sh'
libdir='${exec_prefix}/lib'
libexecdir='${exec_prefix}/libexec'
localedir='${datarootdir}/locale'
localstatedir='${prefix}/var'
mandir='${datarootdir}/man'
mkdir_p='$(MKDIR_P)'
oldincludedir='/usr/include'
pdfdir='${docdir}'
prefix='NONE'
program_transform_name='s,x,x,'
psdir='${docdir}'
sbindir='${exec_prefix}/sbin'
sharedstatedir='${prefix}/com'
sysconfdir='${prefix}/etc'
target_alias=''

## ----------- ##
## confdefs.h. ##
## ----------- ##

/* confdefs.h */
#define PACKAGE_NAME "tmux"
#define PACKAGE_TARNAME "tmux"
#define PACKAGE_VERSION "3.2a"
#define PACKAGE_STRING "tmux 3.2a"
#define PACKAGE_BUGREPORT ""
#define PACKAGE_URL ""
#define PACKAGE "tmux"
#define VERSION "3.2a"
#define STDC_HEADERS 1
#define HAVE_SYS_TYPES_H 1
#define HAVE_SYS_STAT_H 1
#define HAVE_STDLIB_H 1
#define HAVE_STRING_H 1

configure: caught signal 2
configure: exit 1
